This file contains any messages produced by compilers while
running configure, to aid debugging if configure makes a mistake.

It was created by Gordon-Text_utils-Library configure 0.6, which was
generated by GNU Autoconf 2.61.  Invocation command line was

  $ ./configure 

## --------- ##
## Platform. ##
## --------- ##

hostname = ubuntu
uname -m = x86_64
uname -r = 4.4.0-89-generic
uname -s = Linux
uname -v = #112-Ubuntu SMP Mon Jul 31 19:38:41 UTC 2017

/usr/bin/uname -p = unknown
/bin/uname -X     = unknown

/bin/arch              = unknown
/usr/bin/arch -k       = unknown
/usr/convex/getsysinfo = unknown
/usr/bin/hostinfo      = unknown
/bin/machine           = unknown
/usr/bin/oslevel       = unknown
/bin/universe          = unknown

PATH: /home/nclowell/miniconda2/bin
PATH: /home/nclowell/bin
PATH: /home/nclowell/mnt/hgfs/SHARED_FOLDER/Software/PGDSpider_2.1.1.0
PATH: /home/nclowell/.local/bin
PATH: /usr/local/sbin
PATH: /usr/local/bin
PATH: /usr/sbin
PATH: /usr/bin
PATH: /sbin
PATH: /bin
PATH: /usr/games
PATH: /usr/local/games
PATH: /snap/bin


## ----------- ##
## Core tests. ##
## ----------- ##

configure:1988: checking for a BSD-compatible install
configure:2044: result: /usr/bin/install -c
configure:2055: checking whether build environment is sane
configure:2098: result: yes
configure:2126: checking for a thread-safe mkdir -p
configure:2165: result: /bin/mkdir -p
configure:2178: checking for gawk
configure:2208: result: no
configure:2178: checking for mawk
configure:2194: found /usr/bin/mawk
configure:2205: result: mawk
configure:2216: checking whether make sets $(MAKE)
configure:2237: result: yes
configure:2479: checking for gcc
configure:2495: found /usr/bin/gcc
configure:2506: result: gcc
configure:2744: checking for C compiler version
configure:2751: gcc --version >&5
gcc (Ubuntu 5.4.0-6ubuntu1~16.04.4) 5.4.0 20160609
Copyright (C) 2015 Free Software Foundation, Inc.
This is free software; see the source for copying conditions.  There is NO
warranty; not even for MERCHANTABILITY or FITNESS FOR A PARTICULAR PURPOSE.

configure:2754: $? = 0
configure:2761: gcc -v >&5
Using built-in specs.
COLLECT_GCC=gcc
COLLECT_LTO_WRAPPER=/usr/lib/gcc/x86_64-linux-gnu/5/lto-wrapper
Target: x86_64-linux-gnu
Configured with: ../src/configure -v --with-pkgversion='Ubuntu 5.4.0-6ubuntu1~16.04.4' --with-bugurl=file:///usr/share/doc/gcc-5/README.Bugs --enable-languages=c,ada,c++,java,go,d,fortran,objc,obj-c++ --prefix=/usr --program-suffix=-5 --enable-shared --enable-linker-build-id --libexecdir=/usr/lib --without-included-gettext --enable-threads=posix --libdir=/usr/lib --enable-nls --with-sysroot=/ --enable-clocale=gnu --enable-libstdcxx-debug --enable-libstdcxx-time=yes --with-default-libstdcxx-abi=new --enable-gnu-unique-object --disable-vtable-verify --enable-libmpx --enable-plugin --with-system-zlib --disable-browser-plugin --enable-java-awt=gtk --enable-gtk-cairo --with-java-home=/usr/lib/jvm/java-1.5.0-gcj-5-amd64/jre --enable-java-home --with-jvm-root-dir=/usr/lib/jvm/java-1.5.0-gcj-5-amd64 --with-jvm-jar-dir=/usr/lib/jvm-exports/java-1.5.0-gcj-5-amd64 --with-arch-directory=amd64 --with-ecj-jar=/usr/share/java/eclipse-ecj.jar --enable-objc-gc --enable-multiarch --disable-werror --with-arch-32=i686 --with-abi=m64 --with-multilib-list=m32,m64,mx32 --enable-multilib --with-tune=generic --enable-checking=release --build=x86_64-linux-gnu --host=x86_64-linux-gnu --target=x86_64-linux-gnu
Thread model: posix
gcc version 5.4.0 20160609 (Ubuntu 5.4.0-6ubuntu1~16.04.4) 
configure:2764: $? = 0
configure:2771: gcc -V >&5
gcc: error: unrecognized command line option '-V'
gcc: fatal error: no input files
compilation terminated.
configure:2774: $? = 1
configure:2797: checking for C compiler default output file name
configure:2824: gcc    conftest.c  >&5
configure:2827: $? = 0
configure:2865: result: a.out
configure:2882: checking whether the C compiler works
configure:2892: ./a.out
configure:2895: $? = 0
configure:2912: result: yes
configure:2919: checking whether we are cross compiling
configure:2921: result: no
configure:2924: checking for suffix of executables
configure:2931: gcc -o conftest    conftest.c  >&5
configure:2934: $? = 0
configure:2958: result: 
configure:2964: checking for suffix of object files
configure:2990: gcc -c   conftest.c >&5
configure:2993: $? = 0
configure:3016: result: o
configure:3020: checking whether we are using the GNU C compiler
configure:3049: gcc -c   conftest.c >&5
configure:3055: $? = 0
configure:3072: result: yes
configure:3077: checking whether gcc accepts -g
configure:3107: gcc -c -g  conftest.c >&5
configure:3113: $? = 0
configure:3212: result: yes
configure:3229: checking for gcc option to accept ISO C89
configure:3303: gcc  -c -g -O2  conftest.c >&5
configure:3309: $? = 0
configure:3332: result: none needed
configure:3361: checking for style of include used by make
configure:3389: result: GNU
configure:3414: checking dependency style of gcc
configure:3505: result: gcc3
configure:3578: checking for g++
configure:3594: found /usr/bin/g++
configure:3605: result: g++
configure:3636: checking for C++ compiler version
configure:3643: g++ --version >&5
g++ (Ubuntu 5.4.0-6ubuntu1~16.04.4) 5.4.0 20160609
Copyright (C) 2015 Free Software Foundation, Inc.
This is free software; see the source for copying conditions.  There is NO
warranty; not even for MERCHANTABILITY or FITNESS FOR A PARTICULAR PURPOSE.

configure:3646: $? = 0
configure:3653: g++ -v >&5
Using built-in specs.
COLLECT_GCC=g++
COLLECT_LTO_WRAPPER=/usr/lib/gcc/x86_64-linux-gnu/5/lto-wrapper
Target: x86_64-linux-gnu
Configured with: ../src/configure -v --with-pkgversion='Ubuntu 5.4.0-6ubuntu1~16.04.4' --with-bugurl=file:///usr/share/doc/gcc-5/README.Bugs --enable-languages=c,ada,c++,java,go,d,fortran,objc,obj-c++ --prefix=/usr --program-suffix=-5 --enable-shared --enable-linker-build-id --libexecdir=/usr/lib --without-included-gettext --enable-threads=posix --libdir=/usr/lib --enable-nls --with-sysroot=/ --enable-clocale=gnu --enable-libstdcxx-debug --enable-libstdcxx-time=yes --with-default-libstdcxx-abi=new --enable-gnu-unique-object --disable-vtable-verify --enable-libmpx --enable-plugin --with-system-zlib --disable-browser-plugin --enable-java-awt=gtk --enable-gtk-cairo --with-java-home=/usr/lib/jvm/java-1.5.0-gcj-5-amd64/jre --enable-java-home --with-jvm-root-dir=/usr/lib/jvm/java-1.5.0-gcj-5-amd64 --with-jvm-jar-dir=/usr/lib/jvm-exports/java-1.5.0-gcj-5-amd64 --with-arch-directory=amd64 --with-ecj-jar=/usr/share/java/eclipse-ecj.jar --enable-objc-gc --enable-multiarch --disable-werror --with-arch-32=i686 --with-abi=m64 --with-multilib-list=m32,m64,mx32 --enable-multilib --with-tune=generic --enable-checking=release --build=x86_64-linux-gnu --host=x86_64-linux-gnu --target=x86_64-linux-gnu
Thread model: posix
gcc version 5.4.0 20160609 (Ubuntu 5.4.0-6ubuntu1~16.04.4) 
configure:3656: $? = 0
configure:3663: g++ -V >&5
g++: error: unrecognized command line option '-V'
g++: fatal error: no input files
compilation terminated.
configure:3666: $? = 1
configure:3669: checking whether we are using the GNU C++ compiler
configure:3698: g++ -c   conftest.cpp >&5
configure:3704: $? = 0
configure:3721: result: yes
configure:3726: checking whether g++ accepts -g
configure:3756: g++ -c -g  conftest.cpp >&5
configure:3762: $? = 0
configure:3861: result: yes
configure:3886: checking dependency style of g++
configure:3977: result: gcc3
configure:4023: checking build system type
configure:4041: result: x86_64-unknown-linux-gnu
configure:4063: checking host system type
configure:4078: result: x86_64-unknown-linux-gnu
configure:4100: checking for a sed that does not truncate output
configure:4179: result: /bin/sed
configure:4197: checking for grep that handles long lines and -e
configure:4271: result: /bin/grep
configure:4276: checking for egrep
configure:4354: result: /bin/grep -E
configure:4359: checking for fgrep
configure:4437: result: /bin/grep -F
configure:4472: checking for ld used by gcc
configure:4539: result: /usr/bin/ld
configure:4548: checking if the linker (/usr/bin/ld) is GNU ld
configure:4563: result: yes
configure:4575: checking for BSD- or MS-compatible name lister (nm)
configure:4624: result: /usr/bin/nm -B
configure:4746: checking the name lister (/usr/bin/nm -B) interface
configure:4753: gcc -c -g -O2  conftest.c >&5
configure:4756: /usr/bin/nm -B "conftest.o"
configure:4759: output
0000000000000000 B some_variable
configure:4766: result: BSD nm
configure:4769: checking whether ln -s works
configure:4776: result: no, using cp -p
configure:4781: checking the maximum length of command line arguments
configure:4901: result: 1572864
configure:4918: checking whether the shell understands some XSI constructs
configure:4928: result: yes
configure:4932: checking whether the shell understands "+="
configure:4938: result: yes
configure:4973: checking for /usr/bin/ld option to reload object files
configure:4980: result: -r
configure:5049: checking for objdump
configure:5065: found /usr/bin/objdump
configure:5076: result: objdump
configure:5112: checking how to recognize dependent libraries
configure:5308: result: pass_all
configure:5368: checking for ar
configure:5384: found /usr/bin/ar
configure:5395: result: ar
configure:5477: checking for strip
configure:5493: found /usr/bin/strip
configure:5504: result: strip
configure:5580: checking for ranlib
configure:5596: found /usr/bin/ranlib
configure:5607: result: ranlib
configure:5701: checking command to parse /usr/bin/nm -B output from gcc object
configure:5819: gcc -c -g -O2  conftest.c >&5
configure:5822: $? = 0
configure:5826: /usr/bin/nm -B conftest.o \| sed -n -e 's/^.*[	 ]\([ABCDGIRSTW][ABCDGIRSTW]*\)[	 ][	 ]*\([_A-Za-z][_A-Za-z0-9]*\)$/\1 \2 \2/p' \> conftest.nm
configure:5829: $? = 0
configure:5883: gcc -o conftest -g -O2   conftest.c conftstm.o >&5
configure:5886: $? = 0
configure:5924: result: ok
configure:6020: gcc -c -g -O2  conftest.c >&5
configure:6023: $? = 0
configure:6803: checking how to run the C preprocessor
configure:6843: gcc -E  conftest.c
configure:6849: $? = 0
configure:6880: gcc -E  conftest.c
conftest.c:10:28: fatal error: ac_nonexistent.h: No such file or directory
compilation terminated.
configure:6886: $? = 1
configure: failed program was:
| /* confdefs.h.  */
| #define PACKAGE_NAME "Gordon-Text_utils-Library"
| #define PACKAGE_TARNAME "libgtextutils"
| #define PACKAGE_VERSION "0.6"
| #define PACKAGE_STRING "Gordon-Text_utils-Library 0.6"
| #define PACKAGE_BUGREPORT "A. Gordon gordon@cshl.edu"
| #define PACKAGE "libgtextutils"
| #define VERSION "0.6"
| /* end confdefs.h.  */
| #include <ac_nonexistent.h>
configure:6919: result: gcc -E
configure:6948: gcc -E  conftest.c
configure:6954: $? = 0
configure:6985: gcc -E  conftest.c
conftest.c:10:28: fatal error: ac_nonexistent.h: No such file or directory
compilation terminated.
configure:6991: $? = 1
configure: failed program was:
| /* confdefs.h.  */
| #define PACKAGE_NAME "Gordon-Text_utils-Library"
| #define PACKAGE_TARNAME "libgtextutils"
| #define PACKAGE_VERSION "0.6"
| #define PACKAGE_STRING "Gordon-Text_utils-Library 0.6"
| #define PACKAGE_BUGREPORT "A. Gordon gordon@cshl.edu"
| #define PACKAGE "libgtextutils"
| #define VERSION "0.6"
| /* end confdefs.h.  */
| #include <ac_nonexistent.h>
configure:7029: checking for ANSI C header files
configure:7059: gcc -c -g -O2  conftest.c >&5
configure:7065: $? = 0
configure:7164: gcc -o conftest -g -O2   conftest.c  >&5
configure:7167: $? = 0
configure:7173: ./conftest
configure:7176: $? = 0
configure:7193: result: yes
configure:7217: checking for sys/types.h
configure:7238: gcc -c -g -O2  conftest.c >&5
configure:7244: $? = 0
configure:7260: result: yes
configure:7217: checking for sys/stat.h
configure:7238: gcc -c -g -O2  conftest.c >&5
configure:7244: $? = 0
configure:7260: result: yes
configure:7217: checking for stdlib.h
configure:7238: gcc -c -g -O2  conftest.c >&5
configure:7244: $? = 0
configure:7260: result: yes
configure:7217: checking for string.h
configure:7238: gcc -c -g -O2  conftest.c >&5
configure:7244: $? = 0
configure:7260: result: yes
configure:7217: checking for memory.h
configure:7238: gcc -c -g -O2  conftest.c >&5
configure:7244: $? = 0
configure:7260: result: yes
configure:7217: checking for strings.h
configure:7238: gcc -c -g -O2  conftest.c >&5
configure:7244: $? = 0
configure:7260: result: yes
configure:7217: checking for inttypes.h
configure:7238: gcc -c -g -O2  conftest.c >&5
configure:7244: $? = 0
configure:7260: result: yes
configure:7217: checking for stdint.h
configure:7238: gcc -c -g -O2  conftest.c >&5
configure:7244: $? = 0
configure:7260: result: yes
configure:7217: checking for unistd.h
configure:7238: gcc -c -g -O2  conftest.c >&5
configure:7244: $? = 0
configure:7260: result: yes
configure:7276: checking for dlfcn.h
configure:7297: gcc -c -g -O2  conftest.c >&5
configure:7303: $? = 0
configure:7319: result: yes
configure:7448: checking for C++ compiler version
configure:7455: g++ --version >&5
g++ (Ubuntu 5.4.0-6ubuntu1~16.04.4) 5.4.0 20160609
Copyright (C) 2015 Free Software Foundation, Inc.
This is free software; see the source for copying conditions.  There is NO
warranty; not even for MERCHANTABILITY or FITNESS FOR A PARTICULAR PURPOSE.

configure:7458: $? = 0
configure:7465: g++ -v >&5
Using built-in specs.
COLLECT_GCC=g++
COLLECT_LTO_WRAPPER=/usr/lib/gcc/x86_64-linux-gnu/5/lto-wrapper
Target: x86_64-linux-gnu
Configured with: ../src/configure -v --with-pkgversion='Ubuntu 5.4.0-6ubuntu1~16.04.4' --with-bugurl=file:///usr/share/doc/gcc-5/README.Bugs --enable-languages=c,ada,c++,java,go,d,fortran,objc,obj-c++ --prefix=/usr --program-suffix=-5 --enable-shared --enable-linker-build-id --libexecdir=/usr/lib --without-included-gettext --enable-threads=posix --libdir=/usr/lib --enable-nls --with-sysroot=/ --enable-clocale=gnu --enable-libstdcxx-debug --enable-libstdcxx-time=yes --with-default-libstdcxx-abi=new --enable-gnu-unique-object --disable-vtable-verify --enable-libmpx --enable-plugin --with-system-zlib --disable-browser-plugin --enable-java-awt=gtk --enable-gtk-cairo --with-java-home=/usr/lib/jvm/java-1.5.0-gcj-5-amd64/jre --enable-java-home --with-jvm-root-dir=/usr/lib/jvm/java-1.5.0-gcj-5-amd64 --with-jvm-jar-dir=/usr/lib/jvm-exports/java-1.5.0-gcj-5-amd64 --with-arch-directory=amd64 --with-ecj-jar=/usr/share/java/eclipse-ecj.jar --enable-objc-gc --enable-multiarch --disable-werror --with-arch-32=i686 --with-abi=m64 --with-multilib-list=m32,m64,mx32 --enable-multilib --with-tune=generic --enable-checking=release --build=x86_64-linux-gnu --host=x86_64-linux-gnu --target=x86_64-linux-gnu
Thread model: posix
gcc version 5.4.0 20160609 (Ubuntu 5.4.0-6ubuntu1~16.04.4) 
configure:7468: $? = 0
configure:7475: g++ -V >&5
g++: error: unrecognized command line option '-V'
g++: fatal error: no input files
compilation terminated.
configure:7478: $? = 1
configure:7481: checking whether we are using the GNU C++ compiler
configure:7533: result: yes
configure:7538: checking whether g++ accepts -g
configure:7673: result: yes
configure:7698: checking dependency style of g++
configure:7789: result: gcc3
configure:7812: checking how to run the C++ preprocessor
configure:7848: g++ -E  conftest.cpp
configure:7854: $? = 0
configure:7885: g++ -E  conftest.cpp
conftest.cpp:21:28: fatal error: ac_nonexistent.h: No such file or directory
compilation terminated.
configure:7891: $? = 1
configure: failed program was:
| /* confdefs.h.  */
| #define PACKAGE_NAME "Gordon-Text_utils-Library"
| #define PACKAGE_TARNAME "libgtextutils"
| #define PACKAGE_VERSION "0.6"
| #define PACKAGE_STRING "Gordon-Text_utils-Library 0.6"
| #define PACKAGE_BUGREPORT "A. Gordon gordon@cshl.edu"
| #define PACKAGE "libgtextutils"
| #define VERSION "0.6"
| #define STDC_HEADERS 1
| #define HAVE_SYS_TYPES_H 1
| #define HAVE_SYS_STAT_H 1
| #define HAVE_STDLIB_H 1
| #define HAVE_STRING_H 1
| #define HAVE_MEMORY_H 1
| #define HAVE_STRINGS_H 1
| #define HAVE_INTTYPES_H 1
| #define HAVE_STDINT_H 1
| #define HAVE_UNISTD_H 1
| #define HAVE_DLFCN_H 1
| /* end confdefs.h.  */
| #include <ac_nonexistent.h>
configure:7924: result: g++ -E
configure:7953: g++ -E  conftest.cpp
configure:7959: $? = 0
configure:7990: g++ -E  conftest.cpp
conftest.cpp:21:28: fatal error: ac_nonexistent.h: No such file or directory
compilation terminated.
configure:7996: $? = 1
configure: failed program was:
| /* confdefs.h.  */
| #define PACKAGE_NAME "Gordon-Text_utils-Library"
| #define PACKAGE_TARNAME "libgtextutils"
| #define PACKAGE_VERSION "0.6"
| #define PACKAGE_STRING "Gordon-Text_utils-Library 0.6"
| #define PACKAGE_BUGREPORT "A. Gordon gordon@cshl.edu"
| #define PACKAGE "libgtextutils"
| #define VERSION "0.6"
| #define STDC_HEADERS 1
| #define HAVE_SYS_TYPES_H 1
| #define HAVE_SYS_STAT_H 1
| #define HAVE_STDLIB_H 1
| #define HAVE_STRING_H 1
| #define HAVE_MEMORY_H 1
| #define HAVE_STRINGS_H 1
| #define HAVE_INTTYPES_H 1
| #define HAVE_STDINT_H 1
| #define HAVE_UNISTD_H 1
| #define HAVE_DLFCN_H 1
| /* end confdefs.h.  */
| #include <ac_nonexistent.h>
configure:8208: checking for objdir
configure:8223: result: .libs
configure:8519: checking if gcc supports -fno-rtti -fno-exceptions
configure:8537: gcc -c -g -O2  -fno-rtti -fno-exceptions conftest.c >&5
cc1: warning: command line option '-fno-rtti' is valid for C++/ObjC++ but not for C
configure:8541: $? = 0
configure:8554: result: no
configure:8574: checking for gcc option to produce PIC
configure:8846: result: -fPIC -DPIC
configure:8858: checking if gcc PIC flag -fPIC -DPIC works
configure:8876: gcc -c -g -O2  -fPIC -DPIC -DPIC conftest.c >&5
configure:8880: $? = 0
configure:8893: result: yes
configure:8917: checking if gcc static flag -static works
configure:8945: result: yes
configure:8960: checking if gcc supports -c -o file.o
configure:8981: gcc -c -g -O2  -o out/conftest2.o conftest.c >&5
configure:8985: $? = 0
configure:9007: result: yes
configure:9015: checking if gcc supports -c -o file.o
configure:9062: result: yes
configure:9095: checking whether the gcc linker (/usr/bin/ld -m elf_x86_64) supports shared libraries
configure:10158: result: yes
configure:10195: checking whether -lc should be explicitly linked in
configure:10200: gcc -c -g -O2  conftest.c >&5
configure:10203: $? = 0
configure:10218: gcc -shared conftest.o  -v -Wl,-soname -Wl,conftest -o conftest 2\>\&1 \| /bin/grep  -lc  \>/dev/null 2\>\&1
configure:10221: $? = 0
configure:10233: result: no
configure:10397: checking dynamic linker characteristics
configure:10840: gcc -o conftest -g -O2   -Wl,-rpath -Wl,/foo conftest.c  >&5
configure:10846: $? = 0
configure:11088: result: GNU/Linux ld.so
configure:11190: checking how to hardcode library paths into programs
configure:11215: result: immediate
configure:12020: checking whether stripping libraries is possible
configure:12025: result: yes
configure:12060: checking if libtool supports shared libraries
configure:12062: result: yes
configure:12065: checking whether to build shared libraries
configure:12086: result: yes
configure:12089: checking whether to build static libraries
configure:12093: result: yes
configure:12243: checking for ld used by g++
configure:12310: result: /usr/bin/ld -m elf_x86_64
configure:12319: checking if the linker (/usr/bin/ld -m elf_x86_64) is GNU ld
configure:12334: result: yes
configure:12389: checking whether the g++ linker (/usr/bin/ld -m elf_x86_64) supports shared libraries
configure:13356: result: yes
configure:13384: g++ -c -g -O2  conftest.cpp >&5
configure:13387: $? = 0
configure:13569: checking for g++ option to produce PIC
configure:13886: result: -fPIC -DPIC
configure:13895: checking if g++ PIC flag -fPIC -DPIC works
configure:13913: g++ -c -g -O2  -fPIC -DPIC -DPIC conftest.cpp >&5
configure:13917: $? = 0
configure:13930: result: yes
configure:13951: checking if g++ static flag -static works
configure:13979: result: yes
configure:13991: checking if g++ supports -c -o file.o
configure:14012: g++ -c -g -O2  -o out/conftest2.o conftest.cpp >&5
configure:14016: $? = 0
configure:14038: result: yes
configure:14043: checking if g++ supports -c -o file.o
configure:14090: result: yes
configure:14120: checking whether the g++ linker (/usr/bin/ld -m elf_x86_64) supports shared libraries
configure:14149: result: yes
configure:14286: checking dynamic linker characteristics
configure:14677: g++ -o conftest -g -O2   -Wl,-rpath -Wl,/foo conftest.cpp  >&5
configure:14683: $? = 0
configure:14925: result: GNU/Linux ld.so
configure:14976: checking how to hardcode library paths into programs
configure:15001: result: immediate
configure:15269: creating ./config.status

## ---------------------- ##
## Running config.status. ##
## ---------------------- ##

This file was extended by Gordon-Text_utils-Library config.status 0.6, which was
generated by GNU Autoconf 2.61.  Invocation command line was

  CONFIG_FILES    = 
  CONFIG_HEADERS  = 
  CONFIG_LINKS    = 
  CONFIG_COMMANDS = 
  $ ./config.status 

on ubuntu

config.status:922: creating Makefile
config.status:922: creating README
config.status:922: creating doc/Makefile
config.status:922: creating m4/Makefile
config.status:922: creating src/Makefile
config.status:922: creating src/gtextutils/Makefile
config.status:922: creating gtextutils.pc
config.status:922: creating tests/Makefile
config.status:922: creating config.h
config.status:1197: executing depfiles commands
config.status:1197: executing libtool commands

## ---------------- ##
## Cache variables. ##
## ---------------- ##

ac_cv_build=x86_64-unknown-linux-gnu
ac_cv_c_compiler_gnu=yes
ac_cv_cxx_compiler_gnu=yes
ac_cv_env_CCC_set=
ac_cv_env_CCC_value=
ac_cv_env_CC_set=
ac_cv_env_CC_value=
ac_cv_env_CFLAGS_set=
ac_cv_env_CFLAGS_value=
ac_cv_env_CPPFLAGS_set=
ac_cv_env_CPPFLAGS_value=
ac_cv_env_CPP_set=
ac_cv_env_CPP_value=
ac_cv_env_CXXCPP_set=
ac_cv_env_CXXCPP_value=
ac_cv_env_CXXFLAGS_set=
ac_cv_env_CXXFLAGS_value=
ac_cv_env_CXX_set=
ac_cv_env_CXX_value=
ac_cv_env_LDFLAGS_set=
ac_cv_env_LDFLAGS_value=
ac_cv_env_LIBS_set=
ac_cv_env_LIBS_value=
ac_cv_env_build_alias_set=
ac_cv_env_build_alias_value=
ac_cv_env_host_alias_set=
ac_cv_env_host_alias_value=
ac_cv_env_target_alias_set=
ac_cv_env_target_alias_value=
ac_cv_header_dlfcn_h=yes
ac_cv_header_inttypes_h=yes
ac_cv_header_memory_h=yes
ac_cv_header_stdc=yes
ac_cv_header_stdint_h=yes
ac_cv_header_stdlib_h=yes
ac_cv_header_string_h=yes
ac_cv_header_strings_h=yes
ac_cv_header_sys_stat_h=yes
ac_cv_header_sys_types_h=yes
ac_cv_header_unistd_h=yes
ac_cv_host=x86_64-unknown-linux-gnu
ac_cv_objext=o
ac_cv_path_EGREP='/bin/grep -E'
ac_cv_path_FGREP='/bin/grep -F'
ac_cv_path_GREP=/bin/grep
ac_cv_path_SED=/bin/sed
ac_cv_path_install='/usr/bin/install -c'
ac_cv_path_mkdir=/bin/mkdir
ac_cv_prog_AWK=mawk
ac_cv_prog_CPP='gcc -E'
ac_cv_prog_CXXCPP='g++ -E'
ac_cv_prog_ac_ct_AR=ar
ac_cv_prog_ac_ct_CC=gcc
ac_cv_prog_ac_ct_CXX=g++
ac_cv_prog_ac_ct_OBJDUMP=objdump
ac_cv_prog_ac_ct_RANLIB=ranlib
ac_cv_prog_ac_ct_STRIP=strip
ac_cv_prog_cc_c89=
ac_cv_prog_cc_g=yes
ac_cv_prog_cxx_g=yes
ac_cv_prog_make_make_set=yes
am_cv_CC_dependencies_compiler_type=gcc3
am_cv_CXX_dependencies_compiler_type=gcc3
lt_cv_deplibs_check_method=pass_all
lt_cv_file_magic_cmd='$MAGIC_CMD'
lt_cv_file_magic_test_file=
lt_cv_ld_reload_flag=-r
lt_cv_nm_interface='BSD nm'
lt_cv_objdir=.libs
lt_cv_path_LD=/usr/bin/ld
lt_cv_path_LDCXX='/usr/bin/ld -m elf_x86_64'
lt_cv_path_NM='/usr/bin/nm -B'
lt_cv_prog_compiler_c_o=yes
lt_cv_prog_compiler_c_o_CXX=yes
lt_cv_prog_compiler_pic_works=yes
lt_cv_prog_compiler_pic_works_CXX=yes
lt_cv_prog_compiler_rtti_exceptions=no
lt_cv_prog_compiler_static_works=yes
lt_cv_prog_compiler_static_works_CXX=yes
lt_cv_prog_gnu_ld=yes
lt_cv_prog_gnu_ldcxx=yes
lt_cv_sys_global_symbol_pipe='sed -n -e '\''s/^.*[	 ]\([ABCDGIRSTW][ABCDGIRSTW]*\)[	 ][	 ]*\([_A-Za-z][_A-Za-z0-9]*\)$/\1 \2 \2/p'\'''
lt_cv_sys_global_symbol_to_c_name_address='sed -n -e '\''s/^: \([^ ]*\) $/  {\"\1\", (void *) 0},/p'\'' -e '\''s/^[ABCDGIRSTW]* \([^ ]*\) \([^ ]*\)$/  {"\2", (void *) \&\2},/p'\'''
lt_cv_sys_global_symbol_to_c_name_address_lib_prefix='sed -n -e '\''s/^: \([^ ]*\) $/  {\"\1\", (void *) 0},/p'\'' -e '\''s/^[ABCDGIRSTW]* \([^ ]*\) \(lib[^ ]*\)$/  {"\2", (void *) \&\2},/p'\'' -e '\''s/^[ABCDGIRSTW]* \([^ ]*\) \([^ ]*\)$/  {"lib\2", (void *) \&\2},/p'\'''
lt_cv_sys_global_symbol_to_cdecl='sed -n -e '\''s/^T .* \(.*\)$/extern int \1();/p'\'' -e '\''s/^[ABCDGIRSTW]* .* \(.*\)$/extern char \1;/p'\'''
lt_cv_sys_max_cmd_len=1572864

## ----------------- ##
## Output variables. ##
## ----------------- ##

ACLOCAL='${SHELL} /mnt/hgfs/SHARED_FOLDER/Git_repo/CRAGIG_combined_lanes/Scripts/libgtextutils-0.6/config/missing --run aclocal-1.10'
AMDEPBACKSLASH='\'
AMDEP_FALSE='#'
AMDEP_TRUE=''
AMTAR='${SHELL} /mnt/hgfs/SHARED_FOLDER/Git_repo/CRAGIG_combined_lanes/Scripts/libgtextutils-0.6/config/missing --run tar'
AR='ar'
AUTOCONF='${SHELL} /mnt/hgfs/SHARED_FOLDER/Git_repo/CRAGIG_combined_lanes/Scripts/libgtextutils-0.6/config/missing --run autoconf'
AUTOHEADER='${SHELL} /mnt/hgfs/SHARED_FOLDER/Git_repo/CRAGIG_combined_lanes/Scripts/libgtextutils-0.6/config/missing --run autoheader'
AUTOMAKE='${SHELL} /mnt/hgfs/SHARED_FOLDER/Git_repo/CRAGIG_combined_lanes/Scripts/libgtextutils-0.6/config/missing --run automake-1.10'
AWK='mawk'
CC='gcc'
CCDEPMODE='depmode=gcc3'
CFLAGS='-g -O2 -Wall -Wextra -Wformat-nonliteral -Wformat-security -Wswitch-default -Wswitch-enum -Wunused-parameter -Wfloat-equal -Werror -DDEBUG -g -O1'
CPP='gcc -E'
CPPFLAGS=''
CXX='g++'
CXXCPP='g++ -E'
CXXDEPMODE='depmode=gcc3'
CXXFLAGS='-g -O2 -Wall -Wextra -Wformat-nonliteral -Wformat-security -Wswitch-default -Wswitch-enum -Wunused-parameter -Wfloat-equal -Werror -DDEBUG -g -O1 -DDEBUG -g -O1'
CYGPATH_W='echo'
DEFS='-DHAVE_CONFIG_H'
DEPDIR='.deps'
DSYMUTIL=''
DUMPBIN=''
ECHO_C=''
ECHO_N='-n'
ECHO_T=''
EGREP='/bin/grep -E'
EXEEXT=''
FGREP='/bin/grep -F'
GREP='/bin/grep'
INSTALL_DATA='${INSTALL} -m 644'
INSTALL_PROGRAM='${INSTALL}'
INSTALL_SCRIPT='${INSTALL}'
INSTALL_STRIP_PROGRAM='$(install_sh) -c -s'
LD='/usr/bin/ld -m elf_x86_64'
LDFLAGS=''
LIBGTU_AGE='0'
LIBGTU_CURRENT='0'
LIBGTU_REVISION='0'
LIBOBJS=''
LIBS=''
LIBTOOL='$(SHELL) $(top_builddir)/libtool'
LIPO=''
LN_S='cp -p'
LTLIBOBJS=''
MAKEINFO='${SHELL} /mnt/hgfs/SHARED_FOLDER/Git_repo/CRAGIG_combined_lanes/Scripts/libgtextutils-0.6/config/missing --run makeinfo'
NM='/usr/bin/nm -B'
NMEDIT=''
OBJDUMP='objdump'
OBJEXT='o'
OTOOL64=''
OTOOL=''
PACKAGE='libgtextutils'
PACKAGE_BUGREPORT='A. Gordon gordon@cshl.edu'
PACKAGE_NAME='Gordon-Text_utils-Library'
PACKAGE_STRING='Gordon-Text_utils-Library 0.6'
PACKAGE_TARNAME='libgtextutils'
PACKAGE_VERSION='0.6'
PATH_SEPARATOR=':'
RANLIB='ranlib'
SED='/bin/sed'
SET_MAKE=''
SHELL='/bin/bash'
STRIP='strip'
TUPLE_PARSER_CHECK_FALSE=''
TUPLE_PARSER_CHECK_TRUE='#'
VERSION='0.6'
ac_ct_CC='gcc'
ac_ct_CXX='g++'
ac_ct_DUMPBIN=''
am__fastdepCC_FALSE='#'
am__fastdepCC_TRUE=''
am__fastdepCXX_FALSE='#'
am__fastdepCXX_TRUE=''
am__include='include'
am__isrc=''
am__leading_dot='.'
am__quote=''
am__tar='${AMTAR} chof - "$$tardir"'
am__untar='${AMTAR} xf -'
bindir='${exec_prefix}/bin'
build='x86_64-unknown-linux-gnu'
build_alias=''
build_cpu='x86_64'
build_os='linux-gnu'
build_vendor='unknown'
datadir='${datarootdir}'
datarootdir='${prefix}/share'
docdir='${datarootdir}/doc/${PACKAGE_TARNAME}'
dvidir='${docdir}'
exec_prefix='${prefix}'
host='x86_64-unknown-linux-gnu'
host_alias=''
host_cpu='x86_64'
host_os='linux-gnu'
host_vendor='unknown'
htmldir='${docdir}'
includedir='${prefix}/include'
infodir='${datarootdir}/info'
install_sh='$(SHELL) /mnt/hgfs/SHARED_FOLDER/Git_repo/CRAGIG_combined_lanes/Scripts/libgtextutils-0.6/config/install-sh'
libdir='${exec_prefix}/lib'
libexecdir='${exec_prefix}/libexec'
localedir='${datarootdir}/locale'
localstatedir='${prefix}/var'
lt_ECHO='echo'
mandir='${datarootdir}/man'
mkdir_p='/bin/mkdir -p'
oldincludedir='/usr/include'
pdfdir='${docdir}'
prefix='/usr/local'
program_transform_name='s,x,x,'
psdir='${docdir}'
sbindir='${exec_prefix}/sbin'
sharedstatedir='${prefix}/com'
sysconfdir='${prefix}/etc'
target_alias=''

## ----------- ##
## confdefs.h. ##
## ----------- ##

#define PACKAGE_NAME "Gordon-Text_utils-Library"
#define PACKAGE_TARNAME "libgtextutils"
#define PACKAGE_VERSION "0.6"
#define PACKAGE_STRING "Gordon-Text_utils-Library 0.6"
#define PACKAGE_BUGREPORT "A. Gordon gordon@cshl.edu"
#define PACKAGE "libgtextutils"
#define VERSION "0.6"
#define STDC_HEADERS 1
#define HAVE_SYS_TYPES_H 1
#define HAVE_SYS_STAT_H 1
#define HAVE_STDLIB_H 1
#define HAVE_STRING_H 1
#define HAVE_MEMORY_H 1
#define HAVE_STRINGS_H 1
#define HAVE_INTTYPES_H 1
#define HAVE_STDINT_H 1
#define HAVE_UNISTD_H 1
#define HAVE_DLFCN_H 1
#define LT_OBJDIR ".libs/"

configure: exit 0
